Determining if the pthread_create exist failed with the following output:
Change Dir: /home/lab/orel_ws/project/simulation_ws/build/CMakeFiles/CMakeTmp

Run Build Command:"/usr/bin/make" "cmTC_1184b/fast"
/usr/bin/make -f CMakeFiles/cmTC_1184b.dir/build.make CMakeFiles/cmTC_1184b.dir/build
make[1]: Entering directory '/home/lab/orel_ws/project/simulation_ws/build/CMakeFiles/CMakeTmp'
Building C object CMakeFiles/cmTC_1184b.dir/CheckSymbolExists.c.o
/usr/bin/cc    -o CMakeFiles/cmTC_1184b.dir/CheckSymbolExists.c.o   -c /home/lab/orel_ws/project/simulation_ws/build/CMakeFiles/CMakeTmp/CheckSymbolExists.c
Linking C executable cmTC_1184b
/usr/bin/cmake -E cmake_link_script CMakeFiles/cmTC_1184b.dir/link.txt --verbose=1
/usr/bin/cc      -rdynamic CMakeFiles/cmTC_1184b.dir/CheckSymbolExists.c.o  -o cmTC_1184b 
CMakeFiles/cmTC_1184b.dir/CheckSymbolExists.c.o: In function `main':
CheckSymbolExists.c:(.text+0x1b): undefined reference to `pthread_create'
collect2: error: ld returned 1 exit status
CMakeFiles/cmTC_1184b.dir/build.make:97: recipe for target 'cmTC_1184b' failed
make[1]: *** [cmTC_1184b] Error 1
make[1]: Leaving directory '/home/lab/orel_ws/project/simulation_ws/build/CMakeFiles/CMakeTmp'
Makefile:126: recipe for target 'cmTC_1184b/fast' failed
make: *** [cmTC_1184b/fast] Error 2

File /home/lab/orel_ws/project/simulation_ws/build/CMakeFiles/CMakeTmp/CheckSymbolExists.c:
/* */
#include <pthread.h>

int main(int argc, char** argv)
{
  (void)argv;
#ifndef pthread_create
  return ((int*)(&pthread_create))[argc];
#else
  (void)argc;
  return 0;
#endif
}

Determining if the function pthread_create exists in the pthreads failed with the following output:
Change Dir: /home/lab/orel_ws/project/simulation_ws/build/CMakeFiles/CMakeTmp

Run Build Command:"/usr/bin/make" "cmTC_fd0ff/fast"
/usr/bin/make -f CMakeFiles/cmTC_fd0ff.dir/build.make CMakeFiles/cmTC_fd0ff.dir/build
make[1]: Entering directory '/home/lab/orel_ws/project/simulation_ws/build/CMakeFiles/CMakeTmp'
Building C object CMakeFiles/cmTC_fd0ff.dir/CheckFunctionExists.c.o
/usr/bin/cc   -DCHECK_FUNCTION_EXISTS=pthread_create   -o CMakeFiles/cmTC_fd0ff.dir/CheckFunctionExists.c.o   -c /usr/share/cmake-3.10/Modules/CheckFunctionExists.c
Linking C executable cmTC_fd0ff
/usr/bin/cmake -E cmake_link_script CMakeFiles/cmTC_fd0ff.dir/link.txt --verbose=1
/usr/bin/cc  -DCHECK_FUNCTION_EXISTS=pthread_create    -rdynamic CMakeFiles/cmTC_fd0ff.dir/CheckFunctionExists.c.o  -o cmTC_fd0ff -lpthreads 
/usr/bin/ld: cannot find -lpthreads
collect2: error: ld returned 1 exit status
CMakeFiles/cmTC_fd0ff.dir/build.make:97: recipe for target 'cmTC_fd0ff' failed
make[1]: *** [cmTC_fd0ff] Error 1
make[1]: Leaving directory '/home/lab/orel_ws/project/simulation_ws/build/CMakeFiles/CMakeTmp'
Makefile:126: recipe for target 'cmTC_fd0ff/fast' failed
make: *** [cmTC_fd0ff/fast] Error 2


